<?xml version="1.0" encoding="UTF-8"?>
<!-- Generated by org.testng.reporters.JUnitXMLReporter -->
<testsuite ignored="0" hostname="LAPTOP-19F3N5SE" failures="0" tests="14" name="Default test" time="65.62" errors="0" timestamp="2023-01-06T19:42:05 EST">
  <testcase classname="com.ds.qa.testcases.RegistrationPageTest" name="validateRegCredential" time="0.592"/>
  <testcase classname="com.ds.qa.testcases.RegistrationPageTest" name="validateRegCredential" time="0.557"/>
  <testcase classname="com.ds.qa.testcases.RegistrationPageTest" name="validateRegCredential" time="0.605"/>
  <testcase classname="com.ds.qa.testcases.RegistrationPageTest" name="validateRegCredential" time="0.476"/>
  <testcase classname="com.ds.qa.testcases.RegistrationPageTest" name="validateRegCredential" time="0.597"/>
  <testcase classname="com.ds.qa.testcases.RegistrationPageTest" name="validateRegCredential" time="0.576"/>
  <testcase classname="com.ds.qa.testcases.RegistrationPageTest" name="validateRegCredential" time="0.673"/>
  <testcase classname="com.ds.qa.testcases.RegistrationPageTest" name="validateRegCredential" time="0.531"/>
  <testcase classname="com.ds.qa.testcases.RegistrationPageTest" name="validateRegCredential" time="0.608"/>
  <testcase classname="com.ds.qa.testcases.RegistrationPageTest" name="validateRegCredential" time="0.592"/>
  <testcase classname="com.ds.qa.testcases.RegistrationPageTest" name="validateRegCredential" time="0.567"/>
  <testcase classname="com.ds.qa.testcases.RegistrationPageTest" name="validateRegCredential" time="0.545"/>
  <testcase classname="com.ds.qa.testcases.RegistrationPageTest" name="validateRegCredential" time="0.648"/>
  <testcase classname="com.ds.qa.testcases.RegistrationPageTest" name="verfiySinginClick" time="0.206"/>
</testsuite> <!-- Default test -->
