<?xml version="1.0" encoding="UTF-8"?>
<testng-results ignored="4" total="32" passed="28" failed="0" skipped="0">
  <reporter-output>
  </reporter-output>
  <suite started-at="2023-01-06T23:32:31 EST" name="Sanitysuite" finished-at="2023-01-06T23:34:45 EST" duration-ms="133431">
    <groups>
    </groups>
    <test started-at="2023-01-06T23:32:31 EST" name="Sanity test" finished-at="2023-01-06T23:34:45 EST" duration-ms="133431">
      <class name="com.ds.qa.testcases.SignOutPageTest">
        <test-method is-config="true" signature="setup()[pri:0, instance:com.ds.qa.testcases.SignOutPageTest@3624da92]" started-at="2023-01-06T23:34:41 EST" name="setup" finished-at="2023-01-06T23:34:43 EST" duration-ms="2217" status="PASS">
          <reporter-output>
          </reporter-output>
        </test-method> <!-- setup -->
        <test-method signature="signoutTest(java.lang.String,java.lang.String)[pri:0, instance:com.ds.qa.testcases.SignOutPageTest@3624da92]" started-at="2023-01-06T23:34:43 EST" name="signoutTest" finished-at="2023-01-06T23:34:44 EST" duration-ms="1065" status="PASS">
          <params>
            <param index="0">
              <value>
                <![CDATA[cinthiyaSDET85]]>
              </value>
            </param>
            <param index="1">
              <value>
                <![CDATA[Dsportal@123]]>
              </value>
            </param>
          </params>
          <reporter-output>
          </reporter-output>
        </test-method> <!-- signoutTest -->
        <test-method is-config="true" signature="tearDown()[pri:0, instance:com.ds.qa.testcases.SignOutPageTest@3624da92]" started-at="2023-01-06T23:34:44 EST" name="tearDown" finished-at="2023-01-06T23:34:45 EST" duration-ms="776" status="PASS">
          <reporter-output>
          </reporter-output>
        </test-method> <!-- tearDown -->
      </class> <!-- com.ds.qa.testcases.SignOutPageTest -->
      <class name="com.ds.qa.testcases.RegistrationPageTest">
        <test-method is-config="true" signature="setup()[pri:0, instance:com.ds.qa.testcases.RegistrationPageTest@1e044120]" started-at="2023-01-06T23:32:54 EST" name="setup" finished-at="2023-01-06T23:32:58 EST" duration-ms="3427" status="PASS">
          <reporter-output>
          </reporter-output>
        </test-method> <!-- setup -->
        <test-method signature="validateRegCredential(java.lang.String,java.lang.String,java.lang.String,java.lang.String)[pri:0, instance:com.ds.qa.testcases.RegistrationPageTest@1e044120]" started-at="2023-01-06T23:32:58 EST" name="validateRegCredential" data-provider="getRegTestData" finished-at="2023-01-06T23:32:58 EST" duration-ms="564" status="PASS">
          <params>
            <param index="0">
              <value>
                <![CDATA[tom]]>
              </value>
            </param>
            <param index="1">
              <value>
                <![CDATA[tommyjerry]]>
              </value>
            </param>
            <param index="2">
              <value>
                <![CDATA[tommyjerry]]>
              </value>
            </param>
            <param index="3">
              <value>
                <![CDATA[invalid]]>
              </value>
            </param>
          </params>
          <reporter-output>
          </reporter-output>
        </test-method> <!-- validateRegCredential -->
        <test-method is-config="true" signature="tearDown()[pri:0, instance:com.ds.qa.testcases.RegistrationPageTest@1e044120]" started-at="2023-01-06T23:32:58 EST" name="tearDown" finished-at="2023-01-06T23:32:59 EST" duration-ms="1001" status="PASS">
          <reporter-output>
          </reporter-output>
        </test-method> <!-- tearDown -->
        <test-method is-config="true" signature="setup()[pri:0, instance:com.ds.qa.testcases.RegistrationPageTest@1e044120]" started-at="2023-01-06T23:32:59 EST" name="setup" finished-at="2023-01-06T23:33:01 EST" duration-ms="2328" status="PASS">
          <reporter-output>
          </reporter-output>
        </test-method> <!-- setup -->
        <test-method signature="validateRegCredential(java.lang.String,java.lang.String,java.lang.String,java.lang.String)[pri:0, instance:com.ds.qa.testcases.RegistrationPageTest@1e044120]" started-at="2023-01-06T23:33:01 EST" name="validateRegCredential" data-provider="getRegTestData" finished-at="2023-01-06T23:33:02 EST" duration-ms="648" status="PASS">
          <params>
            <param index="0">
              <value>
                <![CDATA[tommy]]>
              </value>
            </param>
            <param index="1">
              <value>
                <![CDATA[tommyjerry]]>
              </value>
            </param>
            <param index="2">
              <value>
                <![CDATA[tommyj9rry]]>
              </value>
            </param>
            <param index="3">
              <value>
                <![CDATA[invalid]]>
              </value>
            </param>
          </params>
          <reporter-output>
          </reporter-output>
        </test-method> <!-- validateRegCredential -->
        <test-method is-config="true" signature="tearDown()[pri:0, instance:com.ds.qa.testcases.RegistrationPageTest@1e044120]" started-at="2023-01-06T23:33:02 EST" name="tearDown" finished-at="2023-01-06T23:33:03 EST" duration-ms="1211" status="PASS">
          <reporter-output>
          </reporter-output>
        </test-method> <!-- tearDown -->
        <test-method is-config="true" signature="setup()[pri:0, instance:com.ds.qa.testcases.RegistrationPageTest@1e044120]" started-at="2023-01-06T23:33:03 EST" name="setup" finished-at="2023-01-06T23:33:06 EST" duration-ms="2997" status="PASS">
          <reporter-output>
          </reporter-output>
        </test-method> <!-- setup -->
        <test-method signature="validateRegCredential(java.lang.String,java.lang.String,java.lang.String,java.lang.String)[pri:0, instance:com.ds.qa.testcases.RegistrationPageTest@1e044120]" started-at="2023-01-06T23:33:06 EST" name="validateRegCredential" data-provider="getRegTestData" finished-at="2023-01-06T23:33:07 EST" duration-ms="604" status="PASS">
          <params>
            <param index="0">
              <value>
                <![CDATA[tom123]]>
              </value>
            </param>
            <param index="1">
              <value>
                <![CDATA[tommy12jerry]]>
              </value>
            </param>
            <param index="2">
              <value>
                <![CDATA[tommy12jerry]]>
              </value>
            </param>
            <param index="3">
              <value>
                <![CDATA[invalid]]>
              </value>
            </param>
          </params>
          <reporter-output>
          </reporter-output>
        </test-method> <!-- validateRegCredential -->
        <test-method is-config="true" signature="tearDown()[pri:0, instance:com.ds.qa.testcases.RegistrationPageTest@1e044120]" started-at="2023-01-06T23:33:07 EST" name="tearDown" finished-at="2023-01-06T23:33:08 EST" duration-ms="893" status="PASS">
          <reporter-output>
          </reporter-output>
        </test-method> <!-- tearDown -->
        <test-method is-config="true" signature="setup()[pri:0, instance:com.ds.qa.testcases.RegistrationPageTest@1e044120]" started-at="2023-01-06T23:33:08 EST" name="setup" finished-at="2023-01-06T23:33:10 EST" duration-ms="2380" status="PASS">
          <reporter-output>
          </reporter-output>
        </test-method> <!-- setup -->
        <test-method signature="validateRegCredential(java.lang.String,java.lang.String,java.lang.String,java.lang.String)[pri:0, instance:com.ds.qa.testcases.RegistrationPageTest@1e044120]" started-at="2023-01-06T23:33:10 EST" name="validateRegCredential" data-provider="getRegTestData" finished-at="2023-01-06T23:33:11 EST" duration-ms="606" status="PASS">
          <params>
            <param index="0">
              <value>
                <![CDATA[ ]]>
              </value>
            </param>
            <param index="1">
              <value>
                <![CDATA[tommyjerry]]>
              </value>
            </param>
            <param index="2">
              <value>
                <![CDATA[tommyjerry]]>
              </value>
            </param>
            <param index="3">
              <value>
                <![CDATA[invalid]]>
              </value>
            </param>
          </params>
          <reporter-output>
          </reporter-output>
        </test-method> <!-- validateRegCredential -->
        <test-method is-config="true" signature="tearDown()[pri:0, instance:com.ds.qa.testcases.RegistrationPageTest@1e044120]" started-at="2023-01-06T23:33:11 EST" name="tearDown" finished-at="2023-01-06T23:33:12 EST" duration-ms="884" status="PASS">
          <reporter-output>
          </reporter-output>
        </test-method> <!-- tearDown -->
        <test-method is-config="true" signature="setup()[pri:0, instance:com.ds.qa.testcases.RegistrationPageTest@1e044120]" started-at="2023-01-06T23:33:12 EST" name="setup" finished-at="2023-01-06T23:33:15 EST" duration-ms="3392" status="PASS">
          <reporter-output>
          </reporter-output>
        </test-method> <!-- setup -->
        <test-method signature="validateRegCredential(java.lang.String,java.lang.String,java.lang.String,java.lang.String)[pri:0, instance:com.ds.qa.testcases.RegistrationPageTest@1e044120]" started-at="2023-01-06T23:33:15 EST" name="validateRegCredential" data-provider="getRegTestData" finished-at="2023-01-06T23:33:16 EST" duration-ms="627" status="PASS">
          <params>
            <param index="0">
              <value>
                <![CDATA[ ]]>
              </value>
            </param>
            <param index="1">
              <value>
                <![CDATA[ ]]>
              </value>
            </param>
            <param index="2">
              <value>
                <![CDATA[admin@123]]>
              </value>
            </param>
            <param index="3">
              <value>
                <![CDATA[invalid]]>
              </value>
            </param>
          </params>
          <reporter-output>
          </reporter-output>
        </test-method> <!-- validateRegCredential -->
        <test-method is-config="true" signature="tearDown()[pri:0, instance:com.ds.qa.testcases.RegistrationPageTest@1e044120]" started-at="2023-01-06T23:33:16 EST" name="tearDown" finished-at="2023-01-06T23:33:16 EST" duration-ms="750" status="PASS">
          <reporter-output>
          </reporter-output>
        </test-method> <!-- tearDown -->
        <test-method is-config="true" signature="setup()[pri:0, instance:com.ds.qa.testcases.RegistrationPageTest@1e044120]" started-at="2023-01-06T23:33:16 EST" name="setup" finished-at="2023-01-06T23:33:19 EST" duration-ms="3085" status="PASS">
          <reporter-output>
          </reporter-output>
        </test-method> <!-- setup -->
        <test-method signature="validateRegCredential(java.lang.String,java.lang.String,java.lang.String,java.lang.String)[pri:0, instance:com.ds.qa.testcases.RegistrationPageTest@1e044120]" started-at="2023-01-06T23:33:19 EST" name="validateRegCredential" data-provider="getRegTestData" finished-at="2023-01-06T23:33:20 EST" duration-ms="630" status="PASS">
          <params>
            <param index="0">
              <value>
                <![CDATA[12345678]]>
              </value>
            </param>
            <param index="1">
              <value>
                <![CDATA[12345678]]>
              </value>
            </param>
            <param index="2">
              <value>
                <![CDATA[12345678]]>
              </value>
            </param>
            <param index="3">
              <value>
                <![CDATA[invalid]]>
              </value>
            </param>
          </params>
          <reporter-output>
          </reporter-output>
        </test-method> <!-- validateRegCredential -->
        <test-method is-config="true" signature="tearDown()[pri:0, instance:com.ds.qa.testcases.RegistrationPageTest@1e044120]" started-at="2023-01-06T23:33:20 EST" name="tearDown" finished-at="2023-01-06T23:33:21 EST" duration-ms="812" status="PASS">
          <reporter-output>
          </reporter-output>
        </test-method> <!-- tearDown -->
        <test-method is-config="true" signature="setup()[pri:0, instance:com.ds.qa.testcases.RegistrationPageTest@1e044120]" started-at="2023-01-06T23:33:21 EST" name="setup" finished-at="2023-01-06T23:33:23 EST" duration-ms="2276" status="PASS">
          <reporter-output>
          </reporter-output>
        </test-method> <!-- setup -->
        <test-method signature="validateRegCredential(java.lang.String,java.lang.String,java.lang.String,java.lang.String)[pri:0, instance:com.ds.qa.testcases.RegistrationPageTest@1e044120]" started-at="2023-01-06T23:33:23 EST" name="validateRegCredential" data-provider="getRegTestData" finished-at="2023-01-06T23:33:24 EST" duration-ms="634" status="PASS">
          <params>
            <param index="0">
              <value>
                <![CDATA[cinthiya]]>
              </value>
            </param>
            <param index="1">
              <value>
                <![CDATA[89123498]]>
              </value>
            </param>
            <param index="2">
              <value>
                <![CDATA[89123498]]>
              </value>
            </param>
            <param index="3">
              <value>
                <![CDATA[invalid]]>
              </value>
            </param>
          </params>
          <reporter-output>
          </reporter-output>
        </test-method> <!-- validateRegCredential -->
        <test-method is-config="true" signature="tearDown()[pri:0, instance:com.ds.qa.testcases.RegistrationPageTest@1e044120]" started-at="2023-01-06T23:33:24 EST" name="tearDown" finished-at="2023-01-06T23:33:26 EST" duration-ms="2090" status="PASS">
          <reporter-output>
          </reporter-output>
        </test-method> <!-- tearDown -->
        <test-method is-config="true" signature="setup()[pri:0, instance:com.ds.qa.testcases.RegistrationPageTest@1e044120]" started-at="2023-01-06T23:33:26 EST" name="setup" finished-at="2023-01-06T23:33:29 EST" duration-ms="3457" status="PASS">
          <reporter-output>
          </reporter-output>
        </test-method> <!-- setup -->
        <test-method signature="validateRegCredential(java.lang.String,java.lang.String,java.lang.String,java.lang.String)[pri:0, instance:com.ds.qa.testcases.RegistrationPageTest@1e044120]" started-at="2023-01-06T23:33:29 EST" name="validateRegCredential" data-provider="getRegTestData" finished-at="2023-01-06T23:33:30 EST" duration-ms="989" status="PASS">
          <params>
            <param index="0">
              <value>
                <![CDATA[98789090]]>
              </value>
            </param>
            <param index="1">
              <value>
                <![CDATA[89%123498]]>
              </value>
            </param>
            <param index="2">
              <value>
                <![CDATA[89%123498]]>
              </value>
            </param>
            <param index="3">
              <value>
                <![CDATA[invalid]]>
              </value>
            </param>
          </params>
          <reporter-output>
          </reporter-output>
        </test-method> <!-- validateRegCredential -->
        <test-method is-config="true" signature="tearDown()[pri:0, instance:com.ds.qa.testcases.RegistrationPageTest@1e044120]" started-at="2023-01-06T23:33:30 EST" name="tearDown" finished-at="2023-01-06T23:33:33 EST" duration-ms="2223" status="PASS">
          <reporter-output>
          </reporter-output>
        </test-method> <!-- tearDown -->
        <test-method is-config="true" signature="setup()[pri:0, instance:com.ds.qa.testcases.RegistrationPageTest@1e044120]" started-at="2023-01-06T23:33:33 EST" name="setup" finished-at="2023-01-06T23:33:38 EST" duration-ms="5031" status="PASS">
          <reporter-output>
          </reporter-output>
        </test-method> <!-- setup -->
        <test-method signature="validateRegCredential(java.lang.String,java.lang.String,java.lang.String,java.lang.String)[pri:0, instance:com.ds.qa.testcases.RegistrationPageTest@1e044120]" started-at="2023-01-06T23:33:38 EST" name="validateRegCredential" data-provider="getRegTestData" finished-at="2023-01-06T23:33:39 EST" duration-ms="1222" status="PASS">
          <params>
            <param index="0">
              <value>
                <![CDATA[12(/erbfc]]>
              </value>
            </param>
            <param index="1">
              <value>
                <![CDATA[password@123]]>
              </value>
            </param>
            <param index="2">
              <value>
                <![CDATA[password@123]]>
              </value>
            </param>
            <param index="3">
              <value>
                <![CDATA[invalid]]>
              </value>
            </param>
          </params>
          <reporter-output>
          </reporter-output>
        </test-method> <!-- validateRegCredential -->
        <test-method is-config="true" signature="tearDown()[pri:0, instance:com.ds.qa.testcases.RegistrationPageTest@1e044120]" started-at="2023-01-06T23:33:39 EST" name="tearDown" finished-at="2023-01-06T23:33:40 EST" duration-ms="841" status="PASS">
          <reporter-output>
          </reporter-output>
        </test-method> <!-- tearDown -->
        <test-method is-config="true" signature="setup()[pri:0, instance:com.ds.qa.testcases.RegistrationPageTest@1e044120]" started-at="2023-01-06T23:33:40 EST" name="setup" finished-at="2023-01-06T23:33:42 EST" duration-ms="2550" status="PASS">
          <reporter-output>
          </reporter-output>
        </test-method> <!-- setup -->
        <test-method signature="validateRegCredential(java.lang.String,java.lang.String,java.lang.String,java.lang.String)[pri:0, instance:com.ds.qa.testcases.RegistrationPageTest@1e044120]" started-at="2023-01-06T23:33:42 EST" name="validateRegCredential" data-provider="getRegTestData" finished-at="2023-01-06T23:33:43 EST" duration-ms="506" status="PASS">
          <params>
            <param index="0">
              <value>
                <![CDATA[//-/@?]]>
              </value>
            </param>
            <param index="1">
              <value>
                <![CDATA[Password/123]]>
              </value>
            </param>
            <param index="2">
              <value>
                <![CDATA[Password/123]]>
              </value>
            </param>
            <param index="3">
              <value>
                <![CDATA[invalid]]>
              </value>
            </param>
          </params>
          <reporter-output>
          </reporter-output>
        </test-method> <!-- validateRegCredential -->
        <test-method is-config="true" signature="tearDown()[pri:0, instance:com.ds.qa.testcases.RegistrationPageTest@1e044120]" started-at="2023-01-06T23:33:43 EST" name="tearDown" finished-at="2023-01-06T23:33:44 EST" duration-ms="981" status="PASS">
          <reporter-output>
          </reporter-output>
        </test-method> <!-- tearDown -->
        <test-method is-config="true" signature="setup()[pri:0, instance:com.ds.qa.testcases.RegistrationPageTest@1e044120]" started-at="2023-01-06T23:33:44 EST" name="setup" finished-at="2023-01-06T23:33:46 EST" duration-ms="2435" status="PASS">
          <reporter-output>
          </reporter-output>
        </test-method> <!-- setup -->
        <test-method signature="validateRegCredential(java.lang.String,java.lang.String,java.lang.String,java.lang.String)[pri:0, instance:com.ds.qa.testcases.RegistrationPageTest@1e044120]" started-at="2023-01-06T23:33:46 EST" name="validateRegCredential" data-provider="getRegTestData" finished-at="2023-01-06T23:33:47 EST" duration-ms="522" status="PASS">
          <params>
            <param index="0">
              <value>
                <![CDATA[cinthiyavincent]]>
              </value>
            </param>
            <param index="1">
              <value>
                <![CDATA[1234590]]>
              </value>
            </param>
            <param index="2">
              <value>
                <![CDATA[1234590]]>
              </value>
            </param>
            <param index="3">
              <value>
                <![CDATA[invalid]]>
              </value>
            </param>
          </params>
          <reporter-output>
          </reporter-output>
        </test-method> <!-- validateRegCredential -->
        <test-method is-config="true" signature="tearDown()[pri:0, instance:com.ds.qa.testcases.RegistrationPageTest@1e044120]" started-at="2023-01-06T23:33:47 EST" name="tearDown" finished-at="2023-01-06T23:33:48 EST" duration-ms="1116" status="PASS">
          <reporter-output>
          </reporter-output>
        </test-method> <!-- tearDown -->
        <test-method is-config="true" signature="setup()[pri:0, instance:com.ds.qa.testcases.RegistrationPageTest@1e044120]" started-at="2023-01-06T23:33:48 EST" name="setup" finished-at="2023-01-06T23:33:51 EST" duration-ms="3620" status="PASS">
          <reporter-output>
          </reporter-output>
        </test-method> <!-- setup -->
        <test-method signature="validateRegCredential(java.lang.String,java.lang.String,java.lang.String,java.lang.String)[pri:0, instance:com.ds.qa.testcases.RegistrationPageTest@1e044120]" started-at="2023-01-06T23:33:51 EST" name="validateRegCredential" data-provider="getRegTestData" finished-at="2023-01-06T23:33:52 EST" duration-ms="945" status="PASS">
          <params>
            <param index="0">
              <value>
                <![CDATA[cinthiyavincent]]>
              </value>
            </param>
            <param index="1">
              <value>
                <![CDATA[admin@123]]>
              </value>
            </param>
            <param index="2">
              <value>
                <![CDATA[admin@123]]>
              </value>
            </param>
            <param index="3">
              <value>
                <![CDATA[invalid]]>
              </value>
            </param>
          </params>
          <reporter-output>
          </reporter-output>
        </test-method> <!-- validateRegCredential -->
        <test-method is-config="true" signature="tearDown()[pri:0, instance:com.ds.qa.testcases.RegistrationPageTest@1e044120]" started-at="2023-01-06T23:33:52 EST" name="tearDown" finished-at="2023-01-06T23:33:55 EST" duration-ms="2619" status="PASS">
          <reporter-output>
          </reporter-output>
        </test-method> <!-- tearDown -->
        <test-method is-config="true" signature="setup()[pri:0, instance:com.ds.qa.testcases.RegistrationPageTest@1e044120]" started-at="2023-01-06T23:33:55 EST" name="setup" finished-at="2023-01-06T23:34:00 EST" duration-ms="4795" status="PASS">
          <reporter-output>
          </reporter-output>
        </test-method> <!-- setup -->
        <test-method signature="validateRegCredential(java.lang.String,java.lang.String,java.lang.String,java.lang.String)[pri:0, instance:com.ds.qa.testcases.RegistrationPageTest@1e044120]" started-at="2023-01-06T23:34:00 EST" name="validateRegCredential" data-provider="getRegTestData" finished-at="2023-01-06T23:34:01 EST" duration-ms="937" status="PASS">
          <params>
            <param index="0">
              <value>
                <![CDATA[cinthiyavin]]>
              </value>
            </param>
            <param index="1">
              <value>
                <![CDATA[123456789]]>
              </value>
            </param>
            <param index="2">
              <value>
                <![CDATA[ ]]>
              </value>
            </param>
            <param index="3">
              <value>
                <![CDATA[invalid]]>
              </value>
            </param>
          </params>
          <reporter-output>
          </reporter-output>
        </test-method> <!-- validateRegCredential -->
        <test-method is-config="true" signature="tearDown()[pri:0, instance:com.ds.qa.testcases.RegistrationPageTest@1e044120]" started-at="2023-01-06T23:34:01 EST" name="tearDown" finished-at="2023-01-06T23:34:04 EST" duration-ms="2783" status="PASS">
          <reporter-output>
          </reporter-output>
        </test-method> <!-- tearDown -->
        <test-method is-config="true" signature="setup()[pri:0, instance:com.ds.qa.testcases.RegistrationPageTest@1e044120]" started-at="2023-01-06T23:34:04 EST" name="setup" finished-at="2023-01-06T23:34:07 EST" duration-ms="3624" status="PASS">
          <reporter-output>
          </reporter-output>
        </test-method> <!-- setup -->
        <test-method signature="verfiySinginClick()[pri:0, instance:com.ds.qa.testcases.RegistrationPageTest@1e044120]" started-at="2023-01-06T23:34:07 EST" name="verfiySinginClick" finished-at="2023-01-06T23:34:07 EST" duration-ms="211" status="PASS">
          <reporter-output>
          </reporter-output>
        </test-method> <!-- verfiySinginClick -->
        <test-method is-config="true" signature="tearDown()[pri:0, instance:com.ds.qa.testcases.RegistrationPageTest@1e044120]" started-at="2023-01-06T23:34:07 EST" name="tearDown" finished-at="2023-01-06T23:34:08 EST" duration-ms="946" status="PASS">
          <reporter-output>
          </reporter-output>
        </test-method> <!-- tearDown -->
      </class> <!-- com.ds.qa.testcases.RegistrationPageTest -->
      <class name="com.ds.qa.testcases.GetStartPageTest">
        <test-method is-config="true" signature="setup()[pri:0, instance:com.ds.qa.testcases.GetStartPageTest@78aea4b9]" started-at="2023-01-06T23:32:32 EST" name="setup" finished-at="2023-01-06T23:32:37 EST" duration-ms="4759" status="PASS">
          <reporter-output>
          </reporter-output>
        </test-method> <!-- setup -->
        <test-method signature="pageTitle()[pri:0, instance:com.ds.qa.testcases.GetStartPageTest@78aea4b9]" started-at="2023-01-06T23:32:37 EST" name="pageTitle" finished-at="2023-01-06T23:32:37 EST" duration-ms="93" status="PASS">
          <reporter-output>
          </reporter-output>
        </test-method> <!-- pageTitle -->
        <test-method is-config="true" signature="tearDown()[pri:0, instance:com.ds.qa.testcases.GetStartPageTest@78aea4b9]" started-at="2023-01-06T23:32:37 EST" name="tearDown" finished-at="2023-01-06T23:32:38 EST" duration-ms="1052" status="PASS">
          <reporter-output>
          </reporter-output>
        </test-method> <!-- tearDown -->
        <test-method is-config="true" signature="setup()[pri:0, instance:com.ds.qa.testcases.GetStartPageTest@78aea4b9]" started-at="2023-01-06T23:32:38 EST" name="setup" finished-at="2023-01-06T23:32:39 EST" duration-ms="1583" status="PASS">
          <reporter-output>
          </reporter-output>
        </test-method> <!-- setup -->
        <test-method signature="landHomePageTest()[pri:0, instance:com.ds.qa.testcases.GetStartPageTest@78aea4b9]" started-at="2023-01-06T23:32:39 EST" name="landHomePageTest" finished-at="2023-01-06T23:32:40 EST" duration-ms="379" status="PASS">
          <reporter-output>
          </reporter-output>
        </test-method> <!-- landHomePageTest -->
        <test-method is-config="true" signature="tearDown()[pri:0, instance:com.ds.qa.testcases.GetStartPageTest@78aea4b9]" started-at="2023-01-06T23:32:40 EST" name="tearDown" finished-at="2023-01-06T23:32:41 EST" duration-ms="1437" status="PASS">
          <reporter-output>
          </reporter-output>
        </test-method> <!-- tearDown -->
      </class> <!-- com.ds.qa.testcases.GetStartPageTest -->
      <class name="com.ds.qa.testcases.SignInPageTest">
        <test-method is-config="true" signature="setup()[pri:0, instance:com.ds.qa.testcases.SignInPageTest@2cf23c81]" started-at="2023-01-06T23:34:09 EST" name="setup" finished-at="2023-01-06T23:34:11 EST" duration-ms="2030" status="PASS">
          <reporter-output>
          </reporter-output>
        </test-method> <!-- setup -->
        <test-method signature="validateSignCredential(java.lang.String,java.lang.String,java.lang.String)[pri:0, instance:com.ds.qa.testcases.SignInPageTest@2cf23c81]" started-at="2023-01-06T23:34:11 EST" name="validateSignCredential" data-provider="getSignTestData" finished-at="2023-01-06T23:34:11 EST" duration-ms="640" status="PASS">
          <params>
            <param index="0">
              <value>
                <![CDATA[cinthiya]]>
              </value>
            </param>
            <param index="1">
              <value>
                <![CDATA[12345]]>
              </value>
            </param>
            <param index="2">
              <value>
                <![CDATA[invalid]]>
              </value>
            </param>
          </params>
          <reporter-output>
          </reporter-output>
        </test-method> <!-- validateSignCredential -->
        <test-method is-config="true" signature="tearDown()[pri:0, instance:com.ds.qa.testcases.SignInPageTest@2cf23c81]" started-at="2023-01-06T23:34:11 EST" name="tearDown" finished-at="2023-01-06T23:34:13 EST" duration-ms="1375" status="PASS">
          <reporter-output>
          </reporter-output>
        </test-method> <!-- tearDown -->
        <test-method is-config="true" signature="setup()[pri:0, instance:com.ds.qa.testcases.SignInPageTest@2cf23c81]" started-at="2023-01-06T23:34:13 EST" name="setup" finished-at="2023-01-06T23:34:15 EST" duration-ms="2741" status="PASS">
          <reporter-output>
          </reporter-output>
        </test-method> <!-- setup -->
        <test-method signature="validateSignCredential(java.lang.String,java.lang.String,java.lang.String)[pri:0, instance:com.ds.qa.testcases.SignInPageTest@2cf23c81]" started-at="2023-01-06T23:34:15 EST" name="validateSignCredential" data-provider="getSignTestData" finished-at="2023-01-06T23:34:16 EST" duration-ms="539" status="PASS">
          <params>
            <param index="0">
              <value>
                <![CDATA[cinthiya]]>
              </value>
            </param>
            <param index="1">
              <value>
                <![CDATA[ ]]>
              </value>
            </param>
            <param index="2">
              <value>
                <![CDATA[invalid]]>
              </value>
            </param>
          </params>
          <reporter-output>
          </reporter-output>
        </test-method> <!-- validateSignCredential -->
        <test-method is-config="true" signature="tearDown()[pri:0, instance:com.ds.qa.testcases.SignInPageTest@2cf23c81]" started-at="2023-01-06T23:34:16 EST" name="tearDown" finished-at="2023-01-06T23:34:16 EST" duration-ms="448" status="PASS">
          <reporter-output>
          </reporter-output>
        </test-method> <!-- tearDown -->
        <test-method is-config="true" signature="setup()[pri:0, instance:com.ds.qa.testcases.SignInPageTest@2cf23c81]" started-at="2023-01-06T23:34:16 EST" name="setup" finished-at="2023-01-06T23:34:18 EST" duration-ms="2003" status="PASS">
          <reporter-output>
          </reporter-output>
        </test-method> <!-- setup -->
        <test-method signature="validateSignCredential(java.lang.String,java.lang.String,java.lang.String)[pri:0, instance:com.ds.qa.testcases.SignInPageTest@2cf23c81]" started-at="2023-01-06T23:34:18 EST" name="validateSignCredential" data-provider="getSignTestData" finished-at="2023-01-06T23:34:19 EST" duration-ms="377" status="PASS">
          <params>
            <param index="0">
              <value>
                <![CDATA[ ]]>
              </value>
            </param>
            <param index="1">
              <value>
                <![CDATA[ ]]>
              </value>
            </param>
            <param index="2">
              <value>
                <![CDATA[invalid]]>
              </value>
            </param>
          </params>
          <reporter-output>
          </reporter-output>
        </test-method> <!-- validateSignCredential -->
        <test-method is-config="true" signature="tearDown()[pri:0, instance:com.ds.qa.testcases.SignInPageTest@2cf23c81]" started-at="2023-01-06T23:34:19 EST" name="tearDown" finished-at="2023-01-06T23:34:20 EST" duration-ms="1019" status="PASS">
          <reporter-output>
          </reporter-output>
        </test-method> <!-- tearDown -->
        <test-method is-config="true" signature="setup()[pri:0, instance:com.ds.qa.testcases.SignInPageTest@2cf23c81]" started-at="2023-01-06T23:34:20 EST" name="setup" finished-at="2023-01-06T23:34:23 EST" duration-ms="3361" status="PASS">
          <reporter-output>
          </reporter-output>
        </test-method> <!-- setup -->
        <test-method signature="validateSignCredential(java.lang.String,java.lang.String,java.lang.String)[pri:0, instance:com.ds.qa.testcases.SignInPageTest@2cf23c81]" started-at="2023-01-06T23:34:23 EST" name="validateSignCredential" data-provider="getSignTestData" finished-at="2023-01-06T23:34:24 EST" duration-ms="465" status="PASS">
          <params>
            <param index="0">
              <value>
                <![CDATA[ ]]>
              </value>
            </param>
            <param index="1">
              <value>
                <![CDATA[admin@123]]>
              </value>
            </param>
            <param index="2">
              <value>
                <![CDATA[invalid]]>
              </value>
            </param>
          </params>
          <reporter-output>
          </reporter-output>
        </test-method> <!-- validateSignCredential -->
        <test-method is-config="true" signature="tearDown()[pri:0, instance:com.ds.qa.testcases.SignInPageTest@2cf23c81]" started-at="2023-01-06T23:34:24 EST" name="tearDown" finished-at="2023-01-06T23:34:24 EST" duration-ms="411" status="PASS">
          <reporter-output>
          </reporter-output>
        </test-method> <!-- tearDown -->
        <test-method is-config="true" signature="setup()[pri:0, instance:com.ds.qa.testcases.SignInPageTest@2cf23c81]" started-at="2023-01-06T23:34:24 EST" name="setup" finished-at="2023-01-06T23:34:27 EST" duration-ms="3378" status="PASS">
          <reporter-output>
          </reporter-output>
        </test-method> <!-- setup -->
        <test-method signature="validateSignCredential(java.lang.String,java.lang.String,java.lang.String)[pri:0, instance:com.ds.qa.testcases.SignInPageTest@2cf23c81]" started-at="2023-01-06T23:34:27 EST" name="validateSignCredential" data-provider="getSignTestData" finished-at="2023-01-06T23:34:28 EST" duration-ms="618" status="PASS">
          <params>
            <param index="0">
              <value>
                <![CDATA[cin@123]]>
              </value>
            </param>
            <param index="1">
              <value>
                <![CDATA[cin@123]]>
              </value>
            </param>
            <param index="2">
              <value>
                <![CDATA[invalid]]>
              </value>
            </param>
          </params>
          <reporter-output>
          </reporter-output>
        </test-method> <!-- validateSignCredential -->
        <test-method is-config="true" signature="tearDown()[pri:0, instance:com.ds.qa.testcases.SignInPageTest@2cf23c81]" started-at="2023-01-06T23:34:28 EST" name="tearDown" finished-at="2023-01-06T23:34:29 EST" duration-ms="561" status="PASS">
          <reporter-output>
          </reporter-output>
        </test-method> <!-- tearDown -->
        <test-method is-config="true" signature="setup()[pri:0, instance:com.ds.qa.testcases.SignInPageTest@2cf23c81]" started-at="2023-01-06T23:34:29 EST" name="setup" finished-at="2023-01-06T23:34:31 EST" duration-ms="2461" status="PASS">
          <reporter-output>
          </reporter-output>
        </test-method> <!-- setup -->
        <test-method signature="validateSignCredential(java.lang.String,java.lang.String,java.lang.String)[pri:0, instance:com.ds.qa.testcases.SignInPageTest@2cf23c81]" started-at="2023-01-06T23:34:31 EST" name="validateSignCredential" data-provider="getSignTestData" finished-at="2023-01-06T23:34:32 EST" duration-ms="574" status="PASS">
          <params>
            <param index="0">
              <value>
                <![CDATA[!@@#$]]>
              </value>
            </param>
            <param index="1">
              <value>
                <![CDATA[!@@#%]]>
              </value>
            </param>
            <param index="2">
              <value>
                <![CDATA[invalid]]>
              </value>
            </param>
          </params>
          <reporter-output>
          </reporter-output>
        </test-method> <!-- validateSignCredential -->
        <test-method is-config="true" signature="tearDown()[pri:0, instance:com.ds.qa.testcases.SignInPageTest@2cf23c81]" started-at="2023-01-06T23:34:32 EST" name="tearDown" finished-at="2023-01-06T23:34:33 EST" duration-ms="1103" status="PASS">
          <reporter-output>
          </reporter-output>
        </test-method> <!-- tearDown -->
        <test-method is-config="true" signature="setup()[pri:0, instance:com.ds.qa.testcases.SignInPageTest@2cf23c81]" started-at="2023-01-06T23:34:33 EST" name="setup" finished-at="2023-01-06T23:34:35 EST" duration-ms="2397" status="PASS">
          <reporter-output>
          </reporter-output>
        </test-method> <!-- setup -->
        <test-method signature="validateSignCredential(java.lang.String,java.lang.String,java.lang.String)[pri:0, instance:com.ds.qa.testcases.SignInPageTest@2cf23c81]" started-at="2023-01-06T23:34:35 EST" name="validateSignCredential" data-provider="getSignTestData" finished-at="2023-01-06T23:34:36 EST" duration-ms="572" status="PASS">
          <params>
            <param index="0">
              <value>
                <![CDATA[cinthiya]]>
              </value>
            </param>
            <param index="1">
              <value>
                <![CDATA[Dsportal@123]]>
              </value>
            </param>
            <param index="2">
              <value>
                <![CDATA[invalid]]>
              </value>
            </param>
          </params>
          <reporter-output>
          </reporter-output>
        </test-method> <!-- validateSignCredential -->
        <test-method is-config="true" signature="tearDown()[pri:0, instance:com.ds.qa.testcases.SignInPageTest@2cf23c81]" started-at="2023-01-06T23:34:36 EST" name="tearDown" finished-at="2023-01-06T23:34:37 EST" duration-ms="817" status="PASS">
          <reporter-output>
          </reporter-output>
        </test-method> <!-- tearDown -->
        <test-method is-config="true" signature="setup()[pri:0, instance:com.ds.qa.testcases.SignInPageTest@2cf23c81]" started-at="2023-01-06T23:34:37 EST" name="setup" finished-at="2023-01-06T23:34:39 EST" duration-ms="2830" status="PASS">
          <reporter-output>
          </reporter-output>
        </test-method> <!-- setup -->
        <test-method signature="validateSignCredential(java.lang.String,java.lang.String,java.lang.String)[pri:0, instance:com.ds.qa.testcases.SignInPageTest@2cf23c81]" started-at="2023-01-06T23:34:39 EST" name="validateSignCredential" data-provider="getSignTestData" finished-at="2023-01-06T23:34:40 EST" duration-ms="768" status="PASS">
          <params>
            <param index="0">
              <value>
                <![CDATA[cinthiyaSDET85]]>
              </value>
            </param>
            <param index="1">
              <value>
                <![CDATA[Dsportal@123]]>
              </value>
            </param>
            <param index="2">
              <value>
                <![CDATA[valid]]>
              </value>
            </param>
          </params>
          <reporter-output>
          </reporter-output>
        </test-method> <!-- validateSignCredential -->
        <test-method is-config="true" signature="tearDown()[pri:0, instance:com.ds.qa.testcases.SignInPageTest@2cf23c81]" started-at="2023-01-06T23:34:40 EST" name="tearDown" finished-at="2023-01-06T23:34:41 EST" duration-ms="712" status="PASS">
          <reporter-output>
          </reporter-output>
        </test-method> <!-- tearDown -->
      </class> <!-- com.ds.qa.testcases.SignInPageTest -->
      <class name="com.ds.qa.testcases.HomePageTest">
        <test-method is-config="true" signature="setup()[pri:0, instance:com.ds.qa.testcases.HomePageTest@5f3b9c57]" started-at="2023-01-06T23:32:41 EST" name="setup" finished-at="2023-01-06T23:32:43 EST" duration-ms="1884" status="PASS">
          <reporter-output>
          </reporter-output>
        </test-method> <!-- setup -->
        <test-method signature="verfiyclickDs()[pri:0, instance:com.ds.qa.testcases.HomePageTest@5f3b9c57]" started-at="2023-01-06T23:32:43 EST" name="verfiyclickDs" finished-at="2023-01-06T23:32:44 EST" duration-ms="503" status="PASS">
          <reporter-output>
          </reporter-output>
        </test-method> <!-- verfiyclickDs -->
        <test-method is-config="true" signature="tearDown()[pri:0, instance:com.ds.qa.testcases.HomePageTest@5f3b9c57]" started-at="2023-01-06T23:32:44 EST" name="tearDown" finished-at="2023-01-06T23:32:44 EST" duration-ms="975" status="PASS">
          <reporter-output>
          </reporter-output>
        </test-method> <!-- tearDown -->
        <test-method is-config="true" signature="setup()[pri:0, instance:com.ds.qa.testcases.HomePageTest@5f3b9c57]" started-at="2023-01-06T23:32:44 EST" name="setup" finished-at="2023-01-06T23:32:46 EST" duration-ms="1986" status="PASS">
          <reporter-output>
          </reporter-output>
        </test-method> <!-- setup -->
        <test-method signature="verifySigninTest()[pri:0, instance:com.ds.qa.testcases.HomePageTest@5f3b9c57]" started-at="2023-01-06T23:32:46 EST" name="verifySigninTest" finished-at="2023-01-06T23:32:47 EST" duration-ms="231" status="PASS">
          <reporter-output>
          </reporter-output>
        </test-method> <!-- verifySigninTest -->
        <test-method is-config="true" signature="tearDown()[pri:0, instance:com.ds.qa.testcases.HomePageTest@5f3b9c57]" started-at="2023-01-06T23:32:47 EST" name="tearDown" finished-at="2023-01-06T23:32:47 EST" duration-ms="746" status="PASS">
          <reporter-output>
          </reporter-output>
        </test-method> <!-- tearDown -->
        <test-method is-config="true" signature="setup()[pri:0, instance:com.ds.qa.testcases.HomePageTest@5f3b9c57]" started-at="2023-01-06T23:32:47 EST" name="setup" finished-at="2023-01-06T23:32:51 EST" duration-ms="3151" status="PASS">
          <reporter-output>
          </reporter-output>
        </test-method> <!-- setup -->
        <test-method signature="verifyRegTest()[pri:0, instance:com.ds.qa.testcases.HomePageTest@5f3b9c57]" started-at="2023-01-06T23:32:51 EST" name="verifyRegTest" finished-at="2023-01-06T23:32:51 EST" duration-ms="212" status="PASS">
          <reporter-output>
          </reporter-output>
        </test-method> <!-- verifyRegTest -->
        <test-method is-config="true" signature="tearDown()[pri:0, instance:com.ds.qa.testcases.HomePageTest@5f3b9c57]" started-at="2023-01-06T23:32:51 EST" name="tearDown" finished-at="2023-01-06T23:32:52 EST" duration-ms="1241" status="PASS">
          <reporter-output>
          </reporter-output>
        </test-method> <!-- tearDown -->
      </class> <!-- com.ds.qa.testcases.HomePageTest -->
    </test> <!-- Sanity test -->
  </suite> <!-- Sanitysuite -->
</testng-results>
