<?xml version="1.0" encoding="UTF-8"?>
<!-- Generated by org.testng.reporters.JUnitXMLReporter -->
<testsuite ignored="4" hostname="LAPTOP-19F3N5SE" failures="0" tests="28" name="Sanity test" time="133.431" errors="0" timestamp="2023-01-06T23:34:45 EST">
  <testcase classname="com.ds.qa.testcases.GetStartPageTest" name="pageTitle" time="0.093"/>
  <testcase classname="com.ds.qa.testcases.GetStartPageTest" name="landHomePageTest" time="0.379"/>
  <testcase classname="com.ds.qa.testcases.HomePageTest" name="verfiyclickDs" time="0.503"/>
  <testcase classname="com.ds.qa.testcases.HomePageTest" name="verifySigninTest" time="0.231"/>
  <testcase classname="com.ds.qa.testcases.HomePageTest" name="verifyRegTest" time="0.212"/>
  <testcase classname="com.ds.qa.testcases.RegistrationPageTest" name="validateRegCredential" time="0.564"/>
  <testcase classname="com.ds.qa.testcases.RegistrationPageTest" name="validateRegCredential" time="0.648"/>
  <testcase classname="com.ds.qa.testcases.RegistrationPageTest" name="validateRegCredential" time="0.604"/>
  <testcase classname="com.ds.qa.testcases.RegistrationPageTest" name="validateRegCredential" time="0.606"/>
  <testcase classname="com.ds.qa.testcases.RegistrationPageTest" name="validateRegCredential" time="0.627"/>
  <testcase classname="com.ds.qa.testcases.RegistrationPageTest" name="validateRegCredential" time="0.63"/>
  <testcase classname="com.ds.qa.testcases.RegistrationPageTest" name="validateRegCredential" time="0.634"/>
  <testcase classname="com.ds.qa.testcases.RegistrationPageTest" name="validateRegCredential" time="0.989"/>
  <testcase classname="com.ds.qa.testcases.RegistrationPageTest" name="validateRegCredential" time="1.222"/>
  <testcase classname="com.ds.qa.testcases.RegistrationPageTest" name="validateRegCredential" time="0.506"/>
  <testcase classname="com.ds.qa.testcases.RegistrationPageTest" name="validateRegCredential" time="0.522"/>
  <testcase classname="com.ds.qa.testcases.RegistrationPageTest" name="validateRegCredential" time="0.945"/>
  <testcase classname="com.ds.qa.testcases.RegistrationPageTest" name="validateRegCredential" time="0.937"/>
  <testcase classname="com.ds.qa.testcases.RegistrationPageTest" name="verfiySinginClick" time="0.211"/>
  <testcase classname="com.ds.qa.testcases.SignInPageTest" name="validateSignCredential" time="0.64"/>
  <testcase classname="com.ds.qa.testcases.SignInPageTest" name="validateSignCredential" time="0.539"/>
  <testcase classname="com.ds.qa.testcases.SignInPageTest" name="validateSignCredential" time="0.377"/>
  <testcase classname="com.ds.qa.testcases.SignInPageTest" name="validateSignCredential" time="0.465"/>
  <testcase classname="com.ds.qa.testcases.SignInPageTest" name="validateSignCredential" time="0.618"/>
  <testcase classname="com.ds.qa.testcases.SignInPageTest" name="validateSignCredential" time="0.574"/>
  <testcase classname="com.ds.qa.testcases.SignInPageTest" name="validateSignCredential" time="0.572"/>
  <testcase classname="com.ds.qa.testcases.SignInPageTest" name="validateSignCredential" time="0.768"/>
  <testcase classname="com.ds.qa.testcases.SignOutPageTest" name="signoutTest" time="1.065"/>
  <testcase classname="com.ds.qa.testcases.HomePageTest" name="sectionCountDisplay" time="0.0">
    <ignored/>
  </testcase> <!-- sectionCountDisplay -->
  <testcase classname="com.ds.qa.testcases.HomePageTest" name="verifyLoginTest" time="0.0">
    <ignored/>
  </testcase> <!-- verifyLoginTest -->
  <testcase classname="com.ds.qa.testcases.HomePageTest" name="verifyPageTitle" time="0.0">
    <ignored/>
  </testcase> <!-- verifyPageTitle -->
  <testcase classname="com.ds.qa.testcases.HomePageTest" name="homeColDisplayTest" time="0.0">
    <ignored/>
  </testcase> <!-- homeColDisplayTest -->
</testsuite> <!-- Sanity test -->
